<?xml version="1.0" encoding="UTF-8"?>
<!-- Generated by org.testng.reporters.JUnitReportReporter -->
<testsuite hostname="DESKTOP-JCE873N" failures="0" tests="1" name="KiteTest.Test_class" time="3.190" errors="0" timestamp="2022-09-12T14:14:25 IST" skipped="0">
  <testcase classname="KiteTest.Test_class" name="verifyuserID" time="3.190"/>
  <system-out>
    <![CDATA[running verify user id]]>
  </system-out>
</testsuite> <!-- KiteTest.Test_class -->
